<?xml version="1.0" encoding="UTF-8"?>
<!-- Generated by org.testng.reporters.JUnitReportReporter -->
<testsuite hostname="LAPTOP-T7PI7EN2" failures="0" tests="1" name="testcases.NewCustomerTest" time="1.229" errors="0" timestamp="2024-11-02T13:30:03 IST" skipped="0">
  <testcase classname="testcases.NewCustomerTest" name="newcustomer" time="1.229"/>
  <system-out/>
</testsuite> <!-- testcases.NewCustomerTest -->
