<?xml version="1.0" encoding="UTF-8"?>
<!-- Generated by org.testng.reporters.JUnitReportReporter -->
<testsuite hostname="LAPTOP-T7PI7EN2" failures="0" tests="2" name="testcases.LoginTest" time="11.566" errors="0" timestamp="2024-11-02T13:30:03 IST" skipped="0">
  <testcase classname="testcases.LoginTest" name="useridtest" time="6.383"/>
  <system-out/>
  <testcase classname="testcases.LoginTest" name="passwordtest" time="5.183"/>
  <system-out/>
</testsuite> <!-- testcases.LoginTest -->
