<?xml version="1.0" encoding="UTF-8"?>
<!-- Generated by org.testng.reporters.JUnitReportReporter -->
<testsuite hostname="LAPTOP-T7PI7EN2" failures="0" tests="1" name="testcases.ProductSearchTest" time="0.000" errors="0" timestamp="2024-11-07T11:56:30 IST" skipped="1">
  <testcase classname="testcases.ProductSearchTest" name="searchProducts" time="0.000">
    <skipped/>
  </testcase> <!-- searchProducts -->
  <system-out/>
</testsuite> <!-- testcases.ProductSearchTest -->
